This is pdfTeX, Version 3.141592653-2.6-1.40.28 (TeX Live 2025) (preloaded format=pdflatex 2025.12.10)  11 MAR 2026 21:37
entering extended mode
 restricted \write18 enabled.
 %&-line parsing enabled.
**neo_aa_spec_sp.tex
(./neo_aa_spec_sp.tex
LaTeX2e <2025-11-01>
L3 programming layer <2025-11-14>
(/home/neo/.TinyTeX/texmf-dist/tex/latex/base/article.cls
Document Class: article 2025/01/22 v1.4n Standard LaTeX document class
(/home/neo/.TinyTeX/texmf-dist/tex/latex/base/size10.clo
File: size10.clo 2025/01/22 v1.4n Standard LaTeX file (size option)
)
\c@part=\count275
\c@section=\count276
\c@subsection=\count277
\c@subsubsection=\count278
\c@paragraph=\count279
\c@subparagraph=\count280
\c@figure=\count281
\c@table=\count282
\abovecaptionskip=\skip49
\belowcaptionskip=\skip50
\bibindent=\dimen148
) (/home/neo/.TinyTeX/texmf-dist/tex/latex/geometry/geometry.sty
Package: geometry 2020/01/02 v5.9 Page Geometry
 (/home/neo/.TinyTeX/texmf-dist/tex/latex/graphics/keyval.sty
Package: keyval 2022/05/29 v1.15 key=value parser (DPC)
\KV@toks@=\toks17
) (/home/neo/.TinyTeX/texmf-dist/tex/generic/iftex/ifvtex.sty
Package: ifvtex 2019/10/25 v1.7 ifvtex legacy package. Use iftex instead.
 (/home/neo/.TinyTeX/texmf-dist/tex/generic/iftex/iftex.sty
Package: iftex 2024/12/12 v1.0g TeX engine tests
))
\Gm@cnth=\count283
\Gm@cntv=\count284
\c@Gm@tempcnt=\count285
\Gm@bindingoffset=\dimen149
\Gm@wd@mp=\dimen150
\Gm@odd@mp=\dimen151
\Gm@even@mp=\dimen152
\Gm@layoutwidth=\dimen153
\Gm@layoutheight=\dimen154
\Gm@layouthoffset=\dimen155
\Gm@layoutvoffset=\dimen156
\Gm@dimlist=\toks18
) (/home/neo/.TinyTeX/texmf-dist/tex/latex/base/inputenc.sty
Package: inputenc 2024/02/08 v1.3d Input encoding file
\inpenc@prehook=\toks19
\inpenc@posthook=\toks20
) (/home/neo/.TinyTeX/texmf-dist/tex/latex/base/fontenc.sty
Package: fontenc 2025/07/18 v2.1d Standard LaTeX package
) (/home/neo/.TinyTeX/texmf-dist/tex/latex/amsmath/amsmath.sty
Package: amsmath 2025/07/09 v2.17z AMS math features
\@mathmargin=\skip51

For additional information on amsmath, use the `?' option.
(/home/neo/.TinyTeX/texmf-dist/tex/latex/amsmath/amstext.sty
Package: amstext 2024/11/17 v2.01 AMS text
 (/home/neo/.TinyTeX/texmf-dist/tex/latex/amsmath/amsgen.sty
File: amsgen.sty 1999/11/30 v2.0 generic functions
\@emptytoks=\toks21
\ex@=\dimen157
)) (/home/neo/.TinyTeX/texmf-dist/tex/latex/amsmath/amsbsy.sty
Package: amsbsy 1999/11/29 v1.2d Bold Symbols
\pmbraise@=\dimen158
) (/home/neo/.TinyTeX/texmf-dist/tex/latex/amsmath/amsopn.sty
Package: amsopn 2022/04/08 v2.04 operator names
)
\inf@bad=\count286
LaTeX Info: Redefining \frac on input line 233.
\uproot@=\count287
\leftroot@=\count288
LaTeX Info: Redefining \overline on input line 398.
LaTeX Info: Redefining \colon on input line 409.
\classnum@=\count289
\DOTSCASE@=\count290
LaTeX Info: Redefining \ldots on input line 495.
LaTeX Info: Redefining \dots on input line 498.
LaTeX Info: Redefining \cdots on input line 619.
\Mathstrutbox@=\box53
\strutbox@=\box54
LaTeX Info: Redefining \big on input line 721.
LaTeX Info: Redefining \Big on input line 722.
LaTeX Info: Redefining \bigg on input line 723.
LaTeX Info: Redefining \Bigg on input line 724.
\big@size=\dimen159
LaTeX Font Info:    Redeclaring font encoding OML on input line 742.
LaTeX Font Info:    Redeclaring font encoding OMS on input line 743.
\macc@depth=\count291
LaTeX Info: Redefining \bmod on input line 904.
LaTeX Info: Redefining \pmod on input line 909.
LaTeX Info: Redefining \smash on input line 939.
LaTeX Info: Redefining \relbar on input line 969.
LaTeX Info: Redefining \Relbar on input line 970.
\c@MaxMatrixCols=\count292
\dotsspace@=\muskip17
\c@parentequation=\count293
\dspbrk@lvl=\count294
\tag@help=\toks22
\row@=\count295
\column@=\count296
\maxfields@=\count297
\andhelp@=\toks23
\eqnshift@=\dimen160
\alignsep@=\dimen161
\tagshift@=\dimen162
\tagwidth@=\dimen163
\totwidth@=\dimen164
\lineht@=\dimen165
\@envbody=\toks24
\multlinegap=\skip52
\multlinetaggap=\skip53
\mathdisplay@stack=\toks25
LaTeX Info: Redefining \[ on input line 2950.
LaTeX Info: Redefining \] on input line 2951.
) (/home/neo/.TinyTeX/texmf-dist/tex/latex/amsfonts/amssymb.sty
Package: amssymb 2013/01/14 v3.01 AMS font symbols
 (/home/neo/.TinyTeX/texmf-dist/tex/latex/amsfonts/amsfonts.sty
Package: amsfonts 2013/01/14 v3.01 Basic AMSFonts support
\symAMSa=\mathgroup4
\symAMSb=\mathgroup5
LaTeX Font Info:    Redeclaring math symbol \hbar on input line 98.
LaTeX Font Info:    Overwriting math alphabet `\mathfrak' in version `bold'
(Font)                  U/euf/m/n --> U/euf/b/n on input line 106.
)) (/home/neo/.TinyTeX/texmf-dist/tex/latex/amscls/amsthm.sty
Package: amsthm 2020/05/29 v2.20.6
\thm@style=\toks26
\thm@bodyfont=\toks27
\thm@headfont=\toks28
\thm@notefont=\toks29
\thm@headpunct=\toks30
\thm@preskip=\skip54
\thm@postskip=\skip55
\thm@headsep=\skip56
\dth@everypar=\toks31
) (/home/neo/.TinyTeX/texmf-dist/tex/latex/graphics/graphicx.sty
Package: graphicx 2024/12/31 v1.2e Enhanced LaTeX Graphics (DPC,SPQR)
 (/home/neo/.TinyTeX/texmf-dist/tex/latex/graphics/graphics.sty
Package: graphics 2024/08/06 v1.4g Standard LaTeX Graphics (DPC,SPQR)
 (/home/neo/.TinyTeX/texmf-dist/tex/latex/graphics/trig.sty
Package: trig 2023/12/02 v1.11 sin cos tan (DPC)
) (/home/neo/.TinyTeX/texmf-dist/tex/latex/graphics-cfg/graphics.cfg
File: graphics.cfg 2016/06/04 v1.11 sample graphics configuration
)
Package graphics Info: Driver file: pdftex.def on input line 106.
 (/home/neo/.TinyTeX/texmf-dist/tex/latex/graphics-def/pdftex.def
File: pdftex.def 2025/09/29 v1.2d Graphics/color driver for pdftex
))
\Gin@req@height=\dimen166
\Gin@req@width=\dimen167
) (/home/neo/.TinyTeX/texmf-dist/tex/latex/xcolor/xcolor.sty
Package: xcolor 2024/09/29 v3.02 LaTeX color extensions (UK)
 (/home/neo/.TinyTeX/texmf-dist/tex/latex/graphics-cfg/color.cfg
File: color.cfg 2016/01/02 v1.6 sample color configuration
)
Package xcolor Info: Driver file: pdftex.def on input line 274.
 (/home/neo/.TinyTeX/texmf-dist/tex/latex/graphics/mathcolor.ltx)
Package xcolor Info: Model `cmy' substituted by `cmy0' on input line 1349.
Package xcolor Info: Model `hsb' substituted by `rgb' on input line 1353.
Package xcolor Info: Model `RGB' extended on input line 1365.
Package xcolor Info: Model `HTML' substituted by `rgb' on input line 1367.
Package xcolor Info: Model `Hsb' substituted by `hsb' on input line 1368.
Package xcolor Info: Model `tHsb' substituted by `hsb' on input line 1369.
Package xcolor Info: Model `HSB' substituted by `hsb' on input line 1370.
Package xcolor Info: Model `Gray' substituted by `gray' on input line 1371.
Package xcolor Info: Model `wave' substituted by `hsb' on input line 1372.
) (/home/neo/.TinyTeX/texmf-dist/tex/latex/pgf/frontendlayer/tikz.sty (/home/neo/.TinyTeX/texmf-dist/tex/latex/pgf/basiclayer/pgf.sty (/home/neo/.TinyTeX/texmf-dist/tex/latex/pgf/utilities/pgfrcs.sty (/home/neo/.TinyTeX/texmf-dist/tex/generic/pgf/utilities/pgfutil-common.tex
\pgfutil@everybye=\toks32
\pgfutil@tempdima=\dimen168
\pgfutil@tempdimb=\dimen169
) (/home/neo/.TinyTeX/texmf-dist/tex/generic/pgf/utilities/pgfutil-latex.def
\pgfutil@abb=\box55
) (/home/neo/.TinyTeX/texmf-dist/tex/generic/pgf/utilities/pgfrcs.code.tex (/home/neo/.TinyTeX/texmf-dist/tex/generic/pgf/pgf.revision.tex)
Package: pgfrcs 2025-08-29 v3.1.11a (3.1.11a)
))
Package: pgf 2025-08-29 v3.1.11a (3.1.11a)
 (/home/neo/.TinyTeX/texmf-dist/tex/latex/pgf/basiclayer/pgfcore.sty (/home/neo/.TinyTeX/texmf-dist/tex/latex/pgf/systemlayer/pgfsys.sty (/home/neo/.TinyTeX/texmf-dist/tex/generic/pgf/systemlayer/pgfsys.code.tex
Package: pgfsys 2025-08-29 v3.1.11a (3.1.11a)
 (/home/neo/.TinyTeX/texmf-dist/tex/generic/pgf/utilities/pgfkeys.code.tex
\pgfkeys@pathtoks=\toks33
\pgfkeys@temptoks=\toks34
 (/home/neo/.TinyTeX/texmf-dist/tex/generic/pgf/utilities/pgfkeyslibraryfiltered.code.tex
\pgfkeys@tmptoks=\toks35
))
\pgf@x=\dimen170
\pgf@y=\dimen171
\pgf@xa=\dimen172
\pgf@ya=\dimen173
\pgf@xb=\dimen174
\pgf@yb=\dimen175
\pgf@xc=\dimen176
\pgf@yc=\dimen177
\pgf@xd=\dimen178
\pgf@yd=\dimen179
\w@pgf@writea=\write3
\r@pgf@reada=\read2
\c@pgf@counta=\count298
\c@pgf@countb=\count299
\c@pgf@countc=\count300
\c@pgf@countd=\count301
\t@pgf@toka=\toks36
\t@pgf@tokb=\toks37
\t@pgf@tokc=\toks38
\pgf@sys@id@count=\count302
 (/home/neo/.TinyTeX/texmf-dist/tex/generic/pgf/systemlayer/pgf.cfg
File: pgf.cfg 2025-08-29 v3.1.11a (3.1.11a)
)
Driver file for pgf: pgfsys-pdftex.def
 (/home/neo/.TinyTeX/texmf-dist/tex/generic/pgf/systemlayer/pgfsys-pdftex.def
File: pgfsys-pdftex.def 2025-08-29 v3.1.11a (3.1.11a)
 (/home/neo/.TinyTeX/texmf-dist/tex/generic/pgf/systemlayer/pgfsys-common-pdf.def
File: pgfsys-common-pdf.def 2025-08-29 v3.1.11a (3.1.11a)
))) (/home/neo/.TinyTeX/texmf-dist/tex/generic/pgf/systemlayer/pgfsyssoftpath.code.tex
File: pgfsyssoftpath.code.tex 2025-08-29 v3.1.11a (3.1.11a)
\pgfsyssoftpath@smallbuffer@items=\count303
\pgfsyssoftpath@bigbuffer@items=\count304
) (/home/neo/.TinyTeX/texmf-dist/tex/generic/pgf/systemlayer/pgfsysprotocol.code.tex
File: pgfsysprotocol.code.tex 2025-08-29 v3.1.11a (3.1.11a)
)) (/home/neo/.TinyTeX/texmf-dist/tex/generic/pgf/basiclayer/pgfcore.code.tex
Package: pgfcore 2025-08-29 v3.1.11a (3.1.11a)
 (/home/neo/.TinyTeX/texmf-dist/tex/generic/pgf/math/pgfmath.code.tex (/home/neo/.TinyTeX/texmf-dist/tex/generic/pgf/math/pgfmathutil.code.tex) (/home/neo/.TinyTeX/texmf-dist/tex/generic/pgf/math/pgfmathparser.code.tex
\pgfmath@dimen=\dimen180
\pgfmath@count=\count305
\pgfmath@box=\box56
\pgfmath@toks=\toks39
\pgfmath@stack@operand=\toks40
\pgfmath@stack@operation=\toks41
) (/home/neo/.TinyTeX/texmf-dist/tex/generic/pgf/math/pgfmathfunctions.code.tex) (/home/neo/.TinyTeX/texmf-dist/tex/generic/pgf/math/pgfmathfunctions.basic.code.tex) (/home/neo/.TinyTeX/texmf-dist/tex/generic/pgf/math/pgfmathfunctions.trigonometric.code.tex) (/home/neo/.TinyTeX/texmf-dist/tex/generic/pgf/math/pgfmathfunctions.random.code.tex) (/home/neo/.TinyTeX/texmf-dist/tex/generic/pgf/math/pgfmathfunctions.comparison.code.tex) (/home/neo/.TinyTeX/texmf-dist/tex/generic/pgf/math/pgfmathfunctions.base.code.tex) (/home/neo/.TinyTeX/texmf-dist/tex/generic/pgf/math/pgfmathfunctions.round.code.tex) (/home/neo/.TinyTeX/texmf-dist/tex/generic/pgf/math/pgfmathfunctions.misc.code.tex) (/home/neo/.TinyTeX/texmf-dist/tex/generic/pgf/math/pgfmathfunctions.integerarithmetics.code.tex) (/home/neo/.TinyTeX/texmf-dist/tex/generic/pgf/math/pgfmathcalc.code.tex) (/home/neo/.TinyTeX/texmf-dist/tex/generic/pgf/math/pgfmathfloat.code.tex
\c@pgfmathroundto@lastzeros=\count306
)) (/home/neo/.TinyTeX/texmf-dist/tex/generic/pgf/math/pgfint.code.tex) (/home/neo/.TinyTeX/texmf-dist/tex/generic/pgf/basiclayer/pgfcorepoints.code.tex
File: pgfcorepoints.code.tex 2025-08-29 v3.1.11a (3.1.11a)
\pgf@picminx=\dimen181
\pgf@picmaxx=\dimen182
\pgf@picminy=\dimen183
\pgf@picmaxy=\dimen184
\pgf@pathminx=\dimen185
\pgf@pathmaxx=\dimen186
\pgf@pathminy=\dimen187
\pgf@pathmaxy=\dimen188
\pgf@xx=\dimen189
\pgf@xy=\dimen190
\pgf@yx=\dimen191
\pgf@yy=\dimen192
\pgf@zx=\dimen193
\pgf@zy=\dimen194
) (/home/neo/.TinyTeX/texmf-dist/tex/generic/pgf/basiclayer/pgfcorepathconstruct.code.tex
File: pgfcorepathconstruct.code.tex 2025-08-29 v3.1.11a (3.1.11a)
\pgf@path@lastx=\dimen195
\pgf@path@lasty=\dimen196
) (/home/neo/.TinyTeX/texmf-dist/tex/generic/pgf/basiclayer/pgfcorepathusage.code.tex
File: pgfcorepathusage.code.tex 2025-08-29 v3.1.11a (3.1.11a)
\pgf@shorten@end@additional=\dimen197
\pgf@shorten@start@additional=\dimen198
) (/home/neo/.TinyTeX/texmf-dist/tex/generic/pgf/basiclayer/pgfcorescopes.code.tex
File: pgfcorescopes.code.tex 2025-08-29 v3.1.11a (3.1.11a)
\pgfpic=\box57
\pgf@hbox=\box58
\pgf@layerbox@main=\box59
\pgf@picture@serial@count=\count307
) (/home/neo/.TinyTeX/texmf-dist/tex/generic/pgf/basiclayer/pgfcoregraphicstate.code.tex
File: pgfcoregraphicstate.code.tex 2025-08-29 v3.1.11a (3.1.11a)
\pgflinewidth=\dimen199
) (/home/neo/.TinyTeX/texmf-dist/tex/generic/pgf/basiclayer/pgfcoretransformations.code.tex
File: pgfcoretransformations.code.tex 2025-08-29 v3.1.11a (3.1.11a)
\pgf@pt@x=\dimen256
\pgf@pt@y=\dimen257
\pgf@pt@temp=\dimen258
) (/home/neo/.TinyTeX/texmf-dist/tex/generic/pgf/basiclayer/pgfcorequick.code.tex
File: pgfcorequick.code.tex 2025-08-29 v3.1.11a (3.1.11a)
) (/home/neo/.TinyTeX/texmf-dist/tex/generic/pgf/basiclayer/pgfcoreobjects.code.tex
File: pgfcoreobjects.code.tex 2025-08-29 v3.1.11a (3.1.11a)
) (/home/neo/.TinyTeX/texmf-dist/tex/generic/pgf/basiclayer/pgfcorepathprocessing.code.tex
File: pgfcorepathprocessing.code.tex 2025-08-29 v3.1.11a (3.1.11a)
) (/home/neo/.TinyTeX/texmf-dist/tex/generic/pgf/basiclayer/pgfcorearrows.code.tex
File: pgfcorearrows.code.tex 2025-08-29 v3.1.11a (3.1.11a)
\pgfarrowsep=\dimen259
) (/home/neo/.TinyTeX/texmf-dist/tex/generic/pgf/basiclayer/pgfcoreshade.code.tex
File: pgfcoreshade.code.tex 2025-08-29 v3.1.11a (3.1.11a)
\pgf@max=\dimen260
\pgf@sys@shading@range@num=\count308
\pgf@shadingcount=\count309
) (/home/neo/.TinyTeX/texmf-dist/tex/generic/pgf/basiclayer/pgfcoreimage.code.tex
File: pgfcoreimage.code.tex 2025-08-29 v3.1.11a (3.1.11a)
) (/home/neo/.TinyTeX/texmf-dist/tex/generic/pgf/basiclayer/pgfcoreexternal.code.tex
File: pgfcoreexternal.code.tex 2025-08-29 v3.1.11a (3.1.11a)
\pgfexternal@startupbox=\box60
) (/home/neo/.TinyTeX/texmf-dist/tex/generic/pgf/basiclayer/pgfcorelayers.code.tex
File: pgfcorelayers.code.tex 2025-08-29 v3.1.11a (3.1.11a)
) (/home/neo/.TinyTeX/texmf-dist/tex/generic/pgf/basiclayer/pgfcoretransparency.code.tex
File: pgfcoretransparency.code.tex 2025-08-29 v3.1.11a (3.1.11a)
) (/home/neo/.TinyTeX/texmf-dist/tex/generic/pgf/basiclayer/pgfcorepatterns.code.tex
File: pgfcorepatterns.code.tex 2025-08-29 v3.1.11a (3.1.11a)
) (/home/neo/.TinyTeX/texmf-dist/tex/generic/pgf/basiclayer/pgfcorerdf.code.tex
File: pgfcorerdf.code.tex 2025-08-29 v3.1.11a (3.1.11a)
))) (/home/neo/.TinyTeX/texmf-dist/tex/generic/pgf/modules/pgfmoduleshapes.code.tex
File: pgfmoduleshapes.code.tex 2025-08-29 v3.1.11a (3.1.11a)
\pgfnodeparttextbox=\box61
) (/home/neo/.TinyTeX/texmf-dist/tex/generic/pgf/modules/pgfmoduleplot.code.tex
File: pgfmoduleplot.code.tex 2025-08-29 v3.1.11a (3.1.11a)
) (/home/neo/.TinyTeX/texmf-dist/tex/latex/pgf/compatibility/pgfcomp-version-0-65.sty
Package: pgfcomp-version-0-65 2025-08-29 v3.1.11a (3.1.11a)
\pgf@nodesepstart=\dimen261
\pgf@nodesepend=\dimen262
) (/home/neo/.TinyTeX/texmf-dist/tex/latex/pgf/compatibility/pgfcomp-version-1-18.sty
Package: pgfcomp-version-1-18 2025-08-29 v3.1.11a (3.1.11a)
)) (/home/neo/.TinyTeX/texmf-dist/tex/latex/pgf/utilities/pgffor.sty (/home/neo/.TinyTeX/texmf-dist/tex/latex/pgf/utilities/pgfkeys.sty (/home/neo/.TinyTeX/texmf-dist/tex/generic/pgf/utilities/pgfkeys.code.tex)) (/home/neo/.TinyTeX/texmf-dist/tex/latex/pgf/math/pgfmath.sty (/home/neo/.TinyTeX/texmf-dist/tex/generic/pgf/math/pgfmath.code.tex)) (/home/neo/.TinyTeX/texmf-dist/tex/generic/pgf/utilities/pgffor.code.tex
Package: pgffor 2025-08-29 v3.1.11a (3.1.11a)
\pgffor@iter=\dimen263
\pgffor@skip=\dimen264
\pgffor@stack=\toks42
\pgffor@toks=\toks43
)) (/home/neo/.TinyTeX/texmf-dist/tex/generic/pgf/frontendlayer/tikz/tikz.code.tex
Package: tikz 2025-08-29 v3.1.11a (3.1.11a)
 (/home/neo/.TinyTeX/texmf-dist/tex/generic/pgf/libraries/pgflibraryplothandlers.code.tex
File: pgflibraryplothandlers.code.tex 2025-08-29 v3.1.11a (3.1.11a)
\pgf@plot@mark@count=\count310
\pgfplotmarksize=\dimen265
)
\tikz@lastx=\dimen266
\tikz@lasty=\dimen267
\tikz@lastxsaved=\dimen268
\tikz@lastysaved=\dimen269
\tikz@lastmovetox=\dimen270
\tikz@lastmovetoy=\dimen271
\tikzleveldistance=\dimen272
\tikzsiblingdistance=\dimen273
\tikz@figbox=\box62
\tikz@figbox@bg=\box63
\tikz@tempbox=\box64
\tikz@tempbox@bg=\box65
\tikztreelevel=\count311
\tikznumberofchildren=\count312
\tikznumberofcurrentchild=\count313
\tikz@fig@count=\count314
 (/home/neo/.TinyTeX/texmf-dist/tex/generic/pgf/modules/pgfmodulematrix.code.tex
File: pgfmodulematrix.code.tex 2025-08-29 v3.1.11a (3.1.11a)
\pgfmatrixcurrentrow=\count315
\pgfmatrixcurrentcolumn=\count316
\pgf@matrix@numberofcolumns=\count317
)
\tikz@expandcount=\count318
 (/home/neo/.TinyTeX/texmf-dist/tex/generic/pgf/frontendlayer/tikz/libraries/tikzlibrarytopaths.code.tex
File: tikzlibrarytopaths.code.tex 2025-08-29 v3.1.11a (3.1.11a)
))) (/home/neo/.TinyTeX/texmf-dist/tex/generic/pgf/libraries/pgflibraryarrows.meta.code.tex
File: pgflibraryarrows.meta.code.tex 2025-08-29 v3.1.11a (3.1.11a)
\pgfarrowinset=\dimen274
\pgfarrowlength=\dimen275
\pgfarrowwidth=\dimen276
\pgfarrowlinewidth=\dimen277
) (/home/neo/.TinyTeX/texmf-dist/tex/generic/pgf/frontendlayer/tikz/libraries/tikzlibrarypositioning.code.tex
File: tikzlibrarypositioning.code.tex 2025-08-29 v3.1.11a (3.1.11a)
) (/home/neo/.TinyTeX/texmf-dist/tex/generic/pgf/frontendlayer/tikz/libraries/tikzlibraryshapes.geometric.code.tex
File: tikzlibraryshapes.geometric.code.tex 2025-08-29 v3.1.11a (3.1.11a)
 (/home/neo/.TinyTeX/texmf-dist/tex/generic/pgf/libraries/shapes/pgflibraryshapes.geometric.code.tex
File: pgflibraryshapes.geometric.code.tex 2025-08-29 v3.1.11a (3.1.11a)
)) (/home/neo/.TinyTeX/texmf-dist/tex/generic/pgf/frontendlayer/tikz/libraries/tikzlibraryfit.code.tex
File: tikzlibraryfit.code.tex 2025-08-29 v3.1.11a (3.1.11a)
) (/home/neo/.TinyTeX/texmf-dist/tex/generic/pgf/frontendlayer/tikz/libraries/tikzlibrarybackgrounds.code.tex
File: tikzlibrarybackgrounds.code.tex 2025-08-29 v3.1.11a (3.1.11a)
\pgf@layerbox@background=\box66
\pgf@layerboxsaved@background=\box67
) (/home/neo/.TinyTeX/texmf-dist/tex/latex/booktabs/booktabs.sty
Package: booktabs 2020/01/12 v1.61803398 Publication quality tables
\heavyrulewidth=\dimen278
\lightrulewidth=\dimen279
\cmidrulewidth=\dimen280
\belowrulesep=\dimen281
\belowbottomsep=\dimen282
\aboverulesep=\dimen283
\abovetopsep=\dimen284
\cmidrulesep=\dimen285
\cmidrulekern=\dimen286
\defaultaddspace=\dimen287
\@cmidla=\count319
\@cmidlb=\count320
\@aboverulesep=\dimen288
\@belowrulesep=\dimen289
\@thisruleclass=\count321
\@lastruleclass=\count322
\@thisrulewidth=\dimen290
) (/home/neo/.TinyTeX/texmf-dist/tex/latex/tools/tabularx.sty
Package: tabularx 2023/12/11 v2.12a `tabularx' package (DPC)
 (/home/neo/.TinyTeX/texmf-dist/tex/latex/tools/array.sty
Package: array 2025/09/25 v2.6n Tabular extension package (FMi)
\col@sep=\dimen291
\ar@mcellbox=\box68
\extrarowheight=\dimen292
\NC@list=\toks44
\extratabsurround=\skip57
\backup@length=\skip58
\ar@cellbox=\box69
)
\TX@col@width=\dimen293
\TX@old@table=\dimen294
\TX@old@col=\dimen295
\TX@target=\dimen296
\TX@delta=\dimen297
\TX@cols=\count323
\TX@ftn=\toks45
) (/home/neo/.TinyTeX/texmf-dist/tex/latex/enumitem/enumitem.sty
Package: enumitem 2025/02/06 v3.11 Customized lists
\labelindent=\skip59
\enit@outerparindent=\dimen298
\enit@toks=\toks46
\enit@inbox=\box70
\enit@count@id=\count324
\enitdp@description=\count325
) (/home/neo/.TinyTeX/texmf-dist/tex/latex/hyperref/hyperref.sty
Package: hyperref 2025-07-12 v7.01o Hypertext links for LaTeX
 (/home/neo/.TinyTeX/texmf-dist/tex/latex/kvsetkeys/kvsetkeys.sty
Package: kvsetkeys 2022-10-05 v1.19 Key value parser (HO)
) (/home/neo/.TinyTeX/texmf-dist/tex/generic/kvdefinekeys/kvdefinekeys.sty
Package: kvdefinekeys 2019-12-19 v1.6 Define keys (HO)
) (/home/neo/.TinyTeX/texmf-dist/tex/generic/pdfescape/pdfescape.sty
Package: pdfescape 2019/12/09 v1.15 Implements pdfTeX's escape features (HO)
 (/home/neo/.TinyTeX/texmf-dist/tex/generic/ltxcmds/ltxcmds.sty
Package: ltxcmds 2023-12-04 v1.26 LaTeX kernel commands for general use (HO)
) (/home/neo/.TinyTeX/texmf-dist/tex/generic/pdftexcmds/pdftexcmds.sty
Package: pdftexcmds 2020-06-27 v0.33 Utility functions of pdfTeX for LuaTeX (HO)
 (/home/neo/.TinyTeX/texmf-dist/tex/generic/infwarerr/infwarerr.sty
Package: infwarerr 2019/12/03 v1.5 Providing info/warning/error messages (HO)
)
Package pdftexcmds Info: \pdf@primitive is available.
Package pdftexcmds Info: \pdf@ifprimitive is available.
Package pdftexcmds Info: \pdfdraftmode found.
)) (/home/neo/.TinyTeX/texmf-dist/tex/latex/hycolor/hycolor.sty
Package: hycolor 2020-01-27 v1.10 Color options for hyperref/bookmark (HO)
) (/home/neo/.TinyTeX/texmf-dist/tex/latex/hyperref/nameref.sty
Package: nameref 2025-06-21 v2.57 Cross-referencing by name of section
 (/home/neo/.TinyTeX/texmf-dist/tex/latex/refcount/refcount.sty
Package: refcount 2019/12/15 v3.6 Data extraction from label references (HO)
) (/home/neo/.TinyTeX/texmf-dist/tex/generic/gettitlestring/gettitlestring.sty
Package: gettitlestring 2019/12/15 v1.6 Cleanup title references (HO)
 (/home/neo/.TinyTeX/texmf-dist/tex/latex/kvoptions/kvoptions.sty
Package: kvoptions 2022-06-15 v3.15 Key value format for package options (HO)
))
\c@section@level=\count326
) (/home/neo/.TinyTeX/texmf-dist/tex/latex/etoolbox/etoolbox.sty
Package: etoolbox 2025/10/02 v2.5m e-TeX tools for LaTeX (JAW)
\etb@tempcnta=\count327
) (/home/neo/.TinyTeX/texmf-dist/tex/generic/stringenc/stringenc.sty
Package: stringenc 2019/11/29 v1.12 Convert strings between diff. encodings (HO)
)
\@linkdim=\dimen299
\Hy@linkcounter=\count328
\Hy@pagecounter=\count329
 (/home/neo/.TinyTeX/texmf-dist/tex/latex/hyperref/pd1enc.def
File: pd1enc.def 2025-07-12 v7.01o Hyperref: PDFDocEncoding definition (HO)
Now handling font encoding PD1 ...
... no UTF-8 mapping file for font encoding PD1
) (/home/neo/.TinyTeX/texmf-dist/tex/generic/intcalc/intcalc.sty
Package: intcalc 2019/12/15 v1.3 Expandable calculations with integers (HO)
)
\Hy@SavedSpaceFactor=\count330
 (/home/neo/.TinyTeX/texmf-dist/tex/latex/hyperref/puenc.def
File: puenc.def 2025-07-12 v7.01o Hyperref: PDF Unicode definition (HO)
Now handling font encoding PU ...
... no UTF-8 mapping file for font encoding PU
)
Package hyperref Info: Hyper figures OFF on input line 4195.
Package hyperref Info: Link nesting OFF on input line 4200.
Package hyperref Info: Hyper index ON on input line 4203.
Package hyperref Info: Plain pages OFF on input line 4210.
Package hyperref Info: Backreferencing OFF on input line 4215.
Package hyperref Info: Implicit mode ON; LaTeX internals redefined.
Package hyperref Info: Bookmarks ON on input line 4462.
\c@Hy@tempcnt=\count331
 (/home/neo/.TinyTeX/texmf-dist/tex/latex/url/url.sty
\Urlmuskip=\muskip18
Package: url 2013/09/16  ver 3.4  Verb mode for urls, etc.
)
LaTeX Info: Redefining \url on input line 4801.
\XeTeXLinkMargin=\dimen300
 (/home/neo/.TinyTeX/texmf-dist/tex/generic/bitset/bitset.sty
Package: bitset 2019/12/09 v1.3 Handle bit-vector datatype (HO)
 (/home/neo/.TinyTeX/texmf-dist/tex/generic/bigintcalc/bigintcalc.sty
Package: bigintcalc 2019/12/15 v1.5 Expandable calculations on big integers (HO)
))
\Fld@menulength=\count332
\Field@Width=\dimen301
\Fld@charsize=\dimen302
Package hyperref Info: Hyper figures OFF on input line 6078.
Package hyperref Info: Link nesting OFF on input line 6083.
Package hyperref Info: Hyper index ON on input line 6086.
Package hyperref Info: backreferencing OFF on input line 6093.
Package hyperref Info: Link coloring OFF on input line 6098.
Package hyperref Info: Link coloring with OCG OFF on input line 6103.
Package hyperref Info: PDF/A mode OFF on input line 6108.
\Hy@abspage=\count333
\c@Item=\count334
\c@Hfootnote=\count335
)
Package hyperref Info: Driver (autodetected): hpdftex.
 (/home/neo/.TinyTeX/texmf-dist/tex/latex/hyperref/hpdftex.def
File: hpdftex.def 2025-07-12 v7.01o Hyperref driver for pdfTeX
\Fld@listcount=\count336
\c@bookmark@seq@number=\count337
 (/home/neo/.TinyTeX/texmf-dist/tex/latex/rerunfilecheck/rerunfilecheck.sty
Package: rerunfilecheck 2025-06-21 v1.11 Rerun checks for auxiliary files (HO)
 (/home/neo/.TinyTeX/texmf-dist/tex/generic/uniquecounter/uniquecounter.sty
Package: uniquecounter 2019/12/15 v1.4 Provide unlimited unique counter (HO)
)
Package uniquecounter Info: New unique counter `rerunfilecheck' on input line 284.
)
\Hy@SectionHShift=\skip60
)
\c@definition=\count338
\c@theorem=\count339
\c@property=\count340
Package hyperref Info: Option `colorlinks' set `true' on input line 30.
 (/home/neo/.TinyTeX/texmf-dist/tex/latex/l3backend/l3backend-pdftex.def
File: l3backend-pdftex.def 2025-10-09 L3 backend support: PDF output (pdfTeX)
\l__color_backend_stack_int=\count341
) (./neo_aa_spec_sp.aux)
\openout1 = `neo_aa_spec_sp.aux'.

LaTeX Font Info:    Checking defaults for OML/cmm/m/it on input line 32.
LaTeX Font Info:    ... okay on input line 32.
LaTeX Font Info:    Checking defaults for OMS/cmsy/m/n on input line 32.
LaTeX Font Info:    ... okay on input line 32.
LaTeX Font Info:    Checking defaults for OT1/cmr/m/n on input line 32.
LaTeX Font Info:    ... okay on input line 32.
LaTeX Font Info:    Checking defaults for T1/cmr/m/n on input line 32.
LaTeX Font Info:    ... okay on input line 32.
LaTeX Font Info:    Checking defaults for TS1/cmr/m/n on input line 32.
LaTeX Font Info:    ... okay on input line 32.
LaTeX Font Info:    Checking defaults for OMX/cmex/m/n on input line 32.
LaTeX Font Info:    ... okay on input line 32.
LaTeX Font Info:    Checking defaults for U/cmr/m/n on input line 32.
LaTeX Font Info:    ... okay on input line 32.
LaTeX Font Info:    Checking defaults for PD1/pdf/m/n on input line 32.
LaTeX Font Info:    ... okay on input line 32.
LaTeX Font Info:    Checking defaults for PU/pdf/m/n on input line 32.
LaTeX Font Info:    ... okay on input line 32.

*geometry* driver: auto-detecting
*geometry* detected driver: pdftex
*geometry* verbose mode - [ preamble ] result:
* driver: pdftex
* paper: <default>
* layout: <same size as paper>
* layoutoffset:(h,v)=(0.0pt,0.0pt)
* modes: 
* h-part:(L,W,R)=(54.2025pt, 505.89pt, 54.2025pt)
* v-part:(T,H,B)=(54.2025pt, 686.56499pt, 54.2025pt)
* \paperwidth=614.295pt
* \paperheight=794.96999pt
* \textwidth=505.89pt
* \textheight=686.56499pt
* \oddsidemargin=-18.06749pt
* \evensidemargin=-18.06749pt
* \topmargin=-55.06749pt
* \headheight=12.0pt
* \headsep=25.0pt
* \topskip=10.0pt
* \footskip=30.0pt
* \marginparwidth=4.0pt
* \marginparsep=10.0pt
* \columnsep=18.06749pt
* \skip\footins=9.0pt plus 4.0pt minus 2.0pt
* \hoffset=0.0pt
* \voffset=0.0pt
* \mag=1000
* \@twocolumntrue
* \@twosidefalse
* \@mparswitchfalse
* \@reversemarginfalse
* (1in=72.27pt=25.4mm, 1cm=28.453pt)

(/home/neo/.TinyTeX/texmf-dist/tex/context/base/mkii/supp-pdf.mkii
[Loading MPS to PDF converter (version 2006.09.02).]
\scratchcounter=\count342
\scratchdimen=\dimen303
\scratchbox=\box71
\nofMPsegments=\count343
\nofMParguments=\count344
\everyMPshowfont=\toks47
\MPscratchCnt=\count345
\MPscratchDim=\dimen304
\MPnumerator=\count346
\makeMPintoPDFobject=\count347
\everyMPtoPDFconversion=\toks48
) (/home/neo/.TinyTeX/texmf-dist/tex/latex/epstopdf-pkg/epstopdf-base.sty
Package: epstopdf-base 2020-01-24 v2.11 Base part for package epstopdf
Package epstopdf-base Info: Redefining graphics rule for `.eps' on input line 485.
 (/home/neo/.TinyTeX/texmf-dist/tex/latex/latexconfig/epstopdf-sys.cfg
File: epstopdf-sys.cfg 2010/07/13 v1.3 Configuration of (r)epstopdf for TeX Live
))
Package hyperref Info: Link coloring ON on input line 32.
 (./neo_aa_spec_sp.out) (./neo_aa_spec_sp.out)
\@outlinefile=\write4
\openout4 = `neo_aa_spec_sp.out'.

LaTeX Font Info:    Trying to load font information for U+msa on input line 37.
 (/home/neo/.TinyTeX/texmf-dist/tex/latex/amsfonts/umsa.fd
File: umsa.fd 2013/01/14 v3.01 AMS symbols A
)
LaTeX Font Info:    Trying to load font information for U+msb on input line 37.
 (/home/neo/.TinyTeX/texmf-dist/tex/latex/amsfonts/umsb.fd
File: umsb.fd 2013/01/14 v3.01 AMS symbols B
)
Underfull \hbox (badness 1072) in paragraph at lines 39--40
\T1/cmr/m/n/10 ar-chi-tec-ture that uni-fies na-tive Neo wit-ness au-tho-
 []


Underfull \vbox (badness 1043) has occurred while \output is active []

 [1{/home/neo/.TinyTeX/texmf-var/fonts/map/pdftex/updmap/pdftex.map}


]
Underfull \hbox (badness 2486) in paragraph at lines 79--80
[]\T1/cmr/bx/n/10 Address-First Rout-ing. \T1/cmr/m/n/10 The im-ple-men-ta-tion
 []


Underfull \hbox (badness 6396) in paragraph at lines 79--80
\T1/cmr/m/n/10 ex-poses both logical-id en-try-points and address-
 []


Underfull \hbox (badness 10000) in paragraph at lines 79--80
\T1/cmr/m/n/10 based con-ve-nience wrap-pers, but the com-mon
 []


Underfull \hbox (badness 10000) in paragraph at lines 79--80
\T1/cmr/m/n/10 lay-ers typ-i-cally in-voke \T1/cmtt/m/n/9 createAccountWithAddress\T1/cmr/m/n/10 ,
 []


Underfull \hbox (badness 10000) in paragraph at lines 79--80
\T1/cmtt/m/n/9 executeByAddress\T1/cmr/m/n/10 , \T1/cmtt/m/n/9 executeMetaTxByAddress\T1/cmr/m/n/10 ,
 []


Underfull \hbox (badness 10000) in paragraph at lines 79--80
\T1/cmtt/m/n/9 getAccountIdByAddress\T1/cmr/m/n/10 , and role-discovery get-
 []


Underfull \hbox (badness 10000) in paragraph at lines 79--80
\T1/cmr/m/n/10 ters such as \T1/cmtt/m/n/9 getAccountAddressesByAdmin \T1/cmr/m/n/10 and
 []


Underfull \hbox (badness 7151) in paragraph at lines 79--80
\T1/cmtt/m/n/9 getAccountAddressesByManager\T1/cmr/m/n/10 . This or-ga-ni-za-tion
 []


Underfull \hbox (badness 1655) in paragraph at lines 92--93
[]\T1/cmr/bx/n/10 Deterministic Ad-dress Gen-er-a-tion\T1/cmr/m/n/10 : A zero-
 []


Underfull \hbox (badness 3769) in paragraph at lines 94--95
[]\T1/cmr/bx/n/10 Unified Thresh-old Al-go-rithm\T1/cmr/m/n/10 : The Check-
 []


Underfull \hbox (badness 1072) in paragraph at lines 105--106
[]\T1/cmr/bx/n/10 Role Dis-cov-ery and In-dex-ing. \T1/cmr/m/n/10 Rather than
 []


Underfull \hbox (badness 1789) in paragraph at lines 105--106
\T1/cmr/m/n/10 forc-ing users to re-mem-ber ac-count iden-ti-fiers, the
 []


Underfull \hbox (badness 7203) in paragraph at lines 105--106
\T1/cmr/m/n/10 mas-ter con-tract main-tains address-centric dis-cov-
 []


Underfull \hbox (badness 6944) in paragraph at lines 105--106
\T1/cmr/m/n/10 ery in-dexes. The cur-rent im-ple-men-ta-tion ex-
 []


Underfull \hbox (badness 2608) in paragraph at lines 107--108
[]\T1/cmr/bx/n/10 Transaction Struc-ture Ref-er-ence. \T1/cmr/m/n/10 For de-
 []


Underfull \hbox (badness 10000) in paragraph at lines 107--108
\T1/cmr/m/n/10 tailed trans-ac-tion lay-outs show-ing Pure Neo,
 []


Underfull \hbox (badness 10000) in paragraph at lines 107--108
\T1/cmr/m/n/10 Pure EVM, and mixed Neo+EVM flows, see
 []


Underfull \hbox (badness 2486) in paragraph at lines 107--108
\T1/cmtt/m/n/9 docs/TRANSACTION_LAYOUTS.md\T1/cmr/m/n/10 . Those lay-outs com-
 []


Underfull \hbox (badness 2970) in paragraph at lines 107--108
\T1/cmr/m/n/10 ple-ment the present spec-i-fi-ca-tion by show-ing the
 []

[2]
Underfull \hbox (badness 10000) in paragraph at lines 115--116
[]\T1/cmr/m/n/10 Query \T1/cmtt/m/n/9 getAccountAddressesByAdmin(ownerAddress)
 []


Underfull \hbox (badness 6725) in paragraph at lines 152--153
[]\T1/cmr/bx/n/10 Guardian Thresh-old\T1/cmr/m/n/10 : Min-i-mum num-ber of
 []


Underfull \hbox (badness 10000) in paragraph at lines 162--163
[]\T1/cmr/m/n/10 Computes op-er-a-tion hash: $\OML/cmm/m/it/10 h \OT1/cmr/m/n/10 =
 []


Underfull \hbox (badness 5475) in paragraph at lines 167--168
\T1/cmr/m/n/10 ap-prove by call-ing \T1/cmtt/m/n/9 approveRecovery(operationHash,
 []


Underfull \hbox (badness 10000) in paragraph at lines 175--176
[]\T1/cmr/m/it/10 Phase 3: Ex-e-cu-tion. \T1/cmr/m/n/10 Once thresh-old is
 []


Underfull \hbox (badness 10000) in paragraph at lines 175--176
\T1/cmr/m/n/10 met and time-lock ex-pires, any-one can call
 []

[3]
Underfull \hbox (badness 1210) in paragraph at lines 197--198
\T1/cmr/m/n/10 af-ter time-lock $\OML/cmm/m/it/10 T[]$ \T1/cmr/m/n/10 ex-pires, the op-er-a-tion re-mains
 []


Underfull \hbox (badness 10000) in paragraph at lines 204--205
[]\T1/cmr/bx/n/10 Guardian Hash\T1/cmr/m/n/10 : $\OML/cmm/m/it/10 H[] \OT1/cmr/m/n/10 =
 []


Underfull \hbox (badness 1838) in paragraph at lines 205--206
[]\T1/cmr/bx/n/10 Recovery Nonce\T1/cmr/m/n/10 : Pre-vents re-play of re-vealed
 []


Underfull \hbox (badness 1796) in paragraph at lines 210--211
[]\T1/cmr/m/it/10 Phase 1: Ini-ti-a-tion with Rev-e-la-tion. \T1/cmr/m/n/10 The ini-
 []


Overfull \hbox (29.0221pt too wide) in paragraph at lines 254--254
[]  \T1/cmtt/m/n/10 require(msg.sender == domeRecoveryAddr[accountId])[] 
 []


Overfull \hbox (18.52466pt too wide) in paragraph at lines 254--254
[]  \T1/cmtt/m/n/10 emit DomeRecoveryInitiated(requestId, accountId)[] 
 []

[4]
Underfull \hbox (badness 10000) in paragraph at lines 288--289
[]\T1/cmr/m/n/10 The com-mon cre-ation path in-vokes
 []


Underfull \hbox (badness 10000) in paragraph at lines 288--289
\T1/cmtt/m/n/9 createAccountWithAddress(accountId,
 []


Underfull \hbox (badness 10000) in paragraph at lines 288--289
\T1/cmtt/m/n/9 accountAddress, admins, adminThreshold,
 []


Underfull \hbox (badness 10000) in paragraph at lines 367--368
[]\T1/cmr/m/n/10 Allows down-stream con-tracts to rely on
 []


Underfull \hbox (badness 10000) in paragraph at lines 367--368
\T1/cmtt/m/n/9 Runtime.CheckWitness(accountAddress) \T1/cmr/m/n/10 once an
 []


Underfull \hbox (badness 10000) in paragraph at lines 407--408
[]\T1/cmr/m/n/10 Verification script calls
 []

[5]
Overfull \hbox (15.53377pt too wide) in paragraph at lines 440--440
 [][]\T1/cmr/m/n/10 CheckNativeSignatures 
 []


Overfull \hbox (36.00099pt too wide) in paragraph at lines 445--445
 []\T1/cmr/m/n/10 executeMetaTxByAddress() 
 []


Overfull \hbox (14.14522pt too wide) in paragraph at lines 446--446
 [][]\T1/cmr/m/n/10 CheckMixedSignatures 
 []


Overfull \hbox (61.90688pt too wide) in paragraph at lines 468--469
 [][] 
 []


Underfull \hbox (badness 4181) in paragraph at lines 474--474
[]\T1/cmr/bx/n/12 Mixed Au-tho-riza-tion Trans-ac-tion
 []


Underfull \hbox (badness 2689) in paragraph at lines 481--482
[]\T1/cmr/bx/n/10 Script\T1/cmr/m/n/10 : In-vokes the canon-i-cal uni-fied run-time
 []


Underfull \hbox (badness 10000) in paragraph at lines 481--482
\T1/cmr/m/n/10 en-try \T1/cmtt/m/n/9 executeUnifiedByAddress(accountAddress,
 []


Underfull \hbox (badness 10000) in paragraph at lines 481--482
\T1/cmtt/m/n/9 targetContract, method, args, signerKeys,
 []


Underfull \hbox (badness 10000) in paragraph at lines 494--495
[]\T1/cmr/m/n/10 The mas-ter con-tract's \T1/cmtt/m/n/9 executeMetaTxByAddress
 []

[6]
Underfull \hbox (badness 10000) in paragraph at lines 498--499
[]\T1/cmr/m/n/10 Derives Ethereum ad-dress: $[][] \OT1/cmr/m/n/10 =
 []


Underfull \hbox (badness 10000) in paragraph at lines 511--512
[]\T1/cmr/bx/n/10 Algorithm: Check-MixedSig-na-tures(roles,
 []


Underfull \hbox (badness 10000) in paragraph at lines 517--518
[]\T1/cmr/bx/n/10 Check EVM sig-na-tures\T1/cmr/m/n/10 : If $\OML/cmm/m/it/10 r \OMS/cmsy/m/n/10 2
 []


Underfull \hbox (badness 2653) in paragraph at lines 517--518
[]$\T1/cmr/m/n/10 , then $[] \OMS/cmsy/m/n/10   [] \OT1/cmr/m/n/10 + 1$\T1/cmr/m/n/10 ,
 []


Underfull \hbox (badness 10000) in paragraph at lines 518--519
[]\T1/cmr/bx/n/10 Check Neo wit-nesses\T1/cmr/m/n/10 : If
 []


Underfull \hbox (badness 5147) in paragraph at lines 518--519
\T1/cmtt/m/n/9 Runtime.CheckWitness(r) \T1/cmr/m/n/10 re-turns true, then
 []


Underfull \hbox (badness 2318) in paragraph at lines 537--538
[]\T1/cmr/m/n/10 Verification: \T1/cmtt/m/n/9 CheckWitness(addr_N3) \T1/cmr/m/n/10 re-turns true,
 []


Underfull \hbox (badness 10000) in paragraph at lines 549--550
[]\T1/cmr/m/n/10 Configuration: $[] \OT1/cmr/m/n/10 = [[][]\OML/cmm/m/it/10 ; [][]\OT1/cmr/m/n/10 ]$\T1/cmr/m/n/10 ,
 []


Underfull \hbox (badness 5696) in paragraph at lines 553--554
[]\T1/cmr/m/n/10 Check $[][]$: not in ver-i-fied-Sign-ers, but
 []


Underfull \hbox (badness 1342) in paragraph at lines 572--573
\T1/cmr/m/n/10 The mixed au-tho-riza-tion pro-to-col op-er-ates in four
 []

[7]
Overfull \hbox (1.72876pt too wide) in paragraph at lines 611--611
[]\T1/cmtt/m/n/9 Location: AbstractAccount.AccountLifecycle.cs:66-113[] 
 []


Underfull \hbox (badness 10000) in paragraph at lines 623--624
[]\T1/cmr/bx/n/10 Verification Method\T1/cmr/m/n/10 : Only
 []


Underfull \hbox (badness 8094) in paragraph at lines 623--624
\T1/cmtt/m/n/9 Runtime.CheckWitness() \T1/cmr/m/n/10 can be used to check
 []


Underfull \hbox (badness 10000) in paragraph at lines 631--632
[]\T1/cmr/bx/n/10 Timing\T1/cmr/m/n/10 : Oc-curs dur-ing trans-ac-tion
 []


Underfull \hbox (badness 10000) in paragraph at lines 631--632
\T1/cmr/m/n/10 ex-e-cu-tion when tar-get con-tract calls
 []


Underfull \hbox (badness 10000) in paragraph at lines 642--643
[]\T1/cmr/bx/n/10 Mixed Au-tho-riza-tion\T1/cmr/m/n/10 : \T1/cmtt/m/n/9 CheckMixedSignatures
 []


Underfull \hbox (badness 8075) in paragraph at lines 648--649
\T1/cmr/m/n/10 The \T1/cmtt/m/n/9 CheckNativeSignatures \T1/cmr/m/n/10 method han-dles pure
 []


Underfull \hbox (badness 10000) in paragraph at lines 648--649
\T1/cmr/m/n/10 Neo na-tive sig-na-ture ver-i-fi-ca-tion us-ing only
 []


Underfull \hbox (badness 2126) in paragraph at lines 648--649
\T1/cmtt/m/n/9 Runtime.CheckWitness()\T1/cmr/m/n/10 . This method is used in
 []


Overfull \hbox (39.51953pt too wide) in paragraph at lines 658--658
[]\T1/cmtt/m/n/9 Location: AbstractAccount.ExecutionAndPermissions.cs:252-261[] 
 []


Underfull \hbox (badness 2150) in paragraph at lines 665--666
[]\T1/cmr/m/n/10 Called by \T1/cmtt/m/n/9 ExecuteUnified/ExecuteUnifiedByAddress
 []


Overfull \hbox (11.17645pt too wide) in paragraph at lines 687--687
[]  \T1/cmtt/m/n/9 Input:  roles     - List of authorized Neo addresses[] 
 []


Overfull \hbox (34.79568pt too wide) in paragraph at lines 687--687
[]  \T1/cmtt/m/n/9 Output: Boolean indicating whether threshold is satisfied[] 
 []

[8]
Underfull \hbox (badness 10000) in paragraph at lines 706--706
[]\T1/cmr/bx/n/12 CheckMixedSignatures: Uni-fied
 []


Underfull \hbox (badness 10000) in paragraph at lines 708--709
\T1/cmr/m/n/10 The core in-no-va-tion of the mixed au-tho-riza-
 []


Underfull \hbox (badness 10000) in paragraph at lines 708--709
\T1/cmr/m/n/10 tion pro-to-col is the \T1/cmtt/m/n/9 CheckMixedSignatures \T1/cmr/m/n/10 al-go-
 []


Underfull \hbox (badness 2486) in paragraph at lines 708--709
\T1/cmr/m/n/10 rithm, which uni-fies Neo wit-ness ver-i-fi-ca-tion and
 []


Underfull \hbox (badness 4266) in paragraph at lines 708--709
\T1/cmr/m/n/10 EVM sig-na-ture ver-i-fi-ca-tion into a sin-gle thresh-
 []


Underfull \hbox (badness 5417) in paragraph at lines 708--709
\T1/cmr/m/n/10 old check. This al-go-rithm is im-ple-mented in
 []


Overfull \hbox (20.62415pt too wide) in paragraph at lines 738--738
[]\T1/cmtt/m/n/9 CheckMixedSignatures(roles, threshold, verifiedSigners):[] 
 []


Overfull \hbox (72.58646pt too wide) in paragraph at lines 738--738
[]  \T1/cmtt/m/n/9 Input:  roles          - List of authorized addresses (UInt160[])[] 
 []


Overfull \hbox (39.51953pt too wide) in paragraph at lines 738--738
[]          \T1/cmtt/m/n/9 threshold      - Minimum required signatures (int)[] 
 []


Overfull \hbox (129.27261pt too wide) in paragraph at lines 738--738
[]          \T1/cmtt/m/n/9 verifiedSigners - EVM addresses recovered from signatures (UInt160[])[] 
 []


Overfull \hbox (34.79568pt too wide) in paragraph at lines 738--738
[]  \T1/cmtt/m/n/9 Output: Boolean indicating whether threshold is satisfied[] 
 []


Underfull \hbox (badness 2617) in paragraph at lines 747--748
[]\T1/cmr/bx/n/10 Order In-de-pen-dence\T1/cmr/m/n/10 : The al-go-rithm it-er-ates
 []


Overfull \hbox (18.03316pt too wide) in paragraph at lines 762--762
 [][]\T1/cmr/m/n/10 CheckMixedSignatures( 
 []


Overfull \hbox (2.01692pt too wide) in paragraph at lines 771--771
 []\T1/cmr/m/n/10 verifiedSigners[]? 
 []


Package pgf Warning: Returning node center instead of a point on node border. Did you specify a point identical to the center of node ``increment''? on input line 803.


Overfull \hbox (262.06026pt too wide) in paragraph at lines 815--816
 [][] 
 []


Underfull \hbox (badness 2012) in paragraph at lines 816--816
[]\T1/cmr/m/n/10 Figure 3: []Unified thresh-old eval-u-a-tion in Check-
 []


Underfull \hbox (badness 1838) in paragraph at lines 840--840
 [][]\T1/cmr/bx/n/8 Signers:
 []


Underfull \hbox (badness 1859) in paragraph at lines 858--858
 [][]\T1/cmr/bx/n/8 Phase 1
 []


Underfull \hbox (badness 1859) in paragraph at lines 864--864
 [][]\T1/cmr/bx/n/8 Phase 2
 []


Overfull \hbox (182.63103pt too wide) in paragraph at lines 875--876
 [][] 
 []


Underfull \hbox (badness 10000) in paragraph at lines 917--918
[]\T1/cmr/m/n/10 Reconstruct typed data hash: $\OML/cmm/m/it/10 h \OT1/cmr/m/n/10 =
 []


Overfull \hbox (55.50836pt too wide) in paragraph at lines 918--919
[]\T1/cmr/m/n/10 Verify: $[]\OT1/cmr/m/n/10 (\OML/cmm/m/it/10 h; []; []; []\OT1/cmr/m/n/10 )$ 
 []


Underfull \hbox (badness 10000) in paragraph at lines 919--920
[]\T1/cmr/m/n/10 Recover: $[][] \OT1/cmr/m/n/10 =
 []

[9]
Underfull \hbox (badness 10000) in paragraph at lines 943--944
[]\T1/cmr/m/n/10 Transaction in-cludes Neo wit-ness and calls
 []

[10]
Underfull \hbox (badness 1406) in paragraph at lines 967--968
\T1/cmr/m/n/10 counted in-de-pen-dently but con-tribute to the same
 []


Underfull \hbox (badness 10000) in paragraph at lines 988--988
[]\T1/cmr/bx/n/12 State Man-age-ment and Nonce
 []


Underfull \hbox (badness 1024) in paragraph at lines 1011--1012
[]\T1/cmr/m/n/10 This account-scoped de-sign in-ten-tion-ally se-ri-al-izes
 []


Overfull \hbox (55.35054pt too wide) in paragraph at lines 1083--1084
 [][] 
 []

[11]
Underfull \hbox (badness 10000) in paragraph at lines 1282--1283
[][]\T1/cmr/bx/n/10 Property 4.1 \T1/cmr/m/n/10 (De-ter-min-ism)\T1/cmr/bx/n/10 . []\T1/cmr/m/it/10 For fixed in-puts
 []


Underfull \hbox (badness 10000) in paragraph at lines 1282--1283
\OT1/cmr/m/n/10 (\OML/cmm/m/it/10 accountId; signatures; operation\OT1/cmr/m/n/10 )$\T1/cmr/m/it/10 , ver-i-fi-ca-tion out-
 []


Underfull \hbox (badness 3128) in paragraph at lines 1328--1329
[]\T1/cmr/m/n/10 ECDSA sig-na-tures are non-malleable.
 []

[12]
Underfull \hbox (badness 1173) in paragraph at lines 1388--1389
\T1/cmr/m/n/10 ad-di-tional ecosys-tems would re-quire new signature-
 []


Underfull \vbox (badness 10000) has occurred while \output is active []

 [13]
Underfull \vbox (badness 5817) has occurred while \output is active []


Underfull \vbox (badness 10000) has occurred while \output is active []

 [14]
Underfull \hbox (badness 10000) in paragraph at lines 1431--1432
[]\T1/cmr/m/n/10 Future work in-cludes ex-tend-ing to ad-di-tional
 []


Underfull \hbox (badness 2197) in paragraph at lines 1431--1432
\T1/cmr/m/n/10 blockchains with dif-fer-ent sig-na-ture schemes, in-te-
 []


Underfull \hbox (badness 1454) in paragraph at lines 1431--1432
\T1/cmr/m/n/10 grat-ing zero-knowledge proofs for pri-vate thresh-old
 []


Underfull \hbox (badness 2057) in paragraph at lines 1431--1432
\T1/cmr/m/n/10 through pre-com-piled con-tracts to re-duce the 40%
 []

[15] [16] (./neo_aa_spec_sp.aux)
 ***********
LaTeX2e <2025-11-01>
L3 programming layer <2025-11-14>
 ***********
Package rerunfilecheck Info: File `neo_aa_spec_sp.out' has not changed.
(rerunfilecheck)             Checksum: 33D6FFD4C41166CF6FE014E26D6CC61C;9257.
 ) 
Here is how much of TeX's memory you used:
 23745 strings out of 469519
 437553 string characters out of 5470090
 915386 words of memory out of 5000000
 51829 multiletter control sequences out of 15000+600000
 651022 words of font info for 96 fonts, out of 8000000 for 9000
 14 hyphenation exceptions out of 8191
 84i,10n,94p,907b,905s stack positions out of 10000i,1000n,20000p,200000b,200000s
 </home/neo/.TinyTeX/texmf-var/fonts/pk/ljfour/jknappen/ec/ecrm0500.600pk> </home/neo/.TinyTeX/texmf-var/fonts/pk/ljfour/jknappen/ec/ectt0800.600pk> </home/neo/.TinyTeX/texmf-var/fonts/pk/ljfour/jknappen/ec/tctt0900.600pk> </home/neo/.TinyTeX/texmf-var/fonts/pk/ljfour/jknappen/ec/ecbx0800.600pk> </home/neo/.TinyTeX/texmf-var/fonts/pk/ljfour/jknappen/ec/tcrm0800.600pk> </home/neo/.TinyTeX/texmf-var/fonts/pk/ljfour/jknappen/ec/ecrm0800.600pk> </home/neo/.TinyTeX/texmf-var/fonts/pk/ljfour/jknappen/ec/ecbx0900.600pk> </home/neo/.TinyTeX/texmf-var/fonts/pk/ljfour/jknappen/ec/ecrm0700.600pk> </home/neo/.TinyTeX/texmf-var/fonts/pk/ljfour/jknappen/ec/ectt1000.600pk> </home/neo/.TinyTeX/texmf-var/fonts/pk/ljfour/jknappen/ec/ecti1000.600pk> </home/neo/.TinyTeX/texmf-var/fonts/pk/ljfour/jknappen/ec/ecbx1000.600pk> </home/neo/.TinyTeX/texmf-var/fonts/pk/ljfour/jknappen/ec/tcrm1000.600pk> </home/neo/.TinyTeX/texmf-var/fonts/pk/ljfour/jknappen/ec/ecbx1200.600pk> </home/neo/.TinyTeX/texmf-var/fonts/pk/ljfour/jknappen/ec/ectt0900.600pk> </home/neo/.TinyTeX/texmf-var/fonts/pk/ljfour/jknappen/ec/eccc1000.600pk> </home/neo/.TinyTeX/texmf-var/fonts/pk/ljfour/jknappen/ec/ecrm1000.600pk> </home/neo/.TinyTeX/texmf-var/fonts/pk/ljfour/jknappen/ec/ecbx1440.600pk> </home/neo/.TinyTeX/texmf-var/fonts/pk/ljfour/jknappen/ec/ecrm0900.600pk> </home/neo/.TinyTeX/texmf-var/fonts/pk/ljfour/jknappen/ec/ecrm1200.600pk> </home/neo/.TinyTeX/texmf-var/fonts/pk/ljfour/jknappen/ec/ecrm1728.600pk></home/neo/.TinyTeX/texmf-dist/fonts/type1/public/amsfonts/cm/cmmi10.pfb></home/neo/.TinyTeX/texmf-dist/fonts/type1/public/amsfonts/cm/cmmi7.pfb></home/neo/.TinyTeX/texmf-dist/fonts/type1/public/amsfonts/cm/cmmi8.pfb></home/neo/.TinyTeX/texmf-dist/fonts/type1/public/amsfonts/cm/cmr10.pfb></home/neo/.TinyTeX/texmf-dist/fonts/type1/public/amsfonts/cm/cmr7.pfb></home/neo/.TinyTeX/texmf-dist/fonts/type1/public/amsfonts/cm/cmr9.pfb></home/neo/.TinyTeX/texmf-dist/fonts/type1/public/amsfonts/cm/cmsy10.pfb></home/neo/.TinyTeX/texmf-dist/fonts/type1/public/amsfonts/cm/cmsy7.pfb></home/neo/.TinyTeX/texmf-dist/fonts/type1/public/amsfonts/cm/cmsy8.pfb></home/neo/.TinyTeX/texmf-dist/fonts/type1/public/amsfonts/cm/cmsy9.pfb></home/neo/.TinyTeX/texmf-dist/fonts/type1/public/amsfonts/symbols/msbm10.pfb>
Output written on neo_aa_spec_sp.pdf (16 pages, 388208 bytes).
PDF statistics:
 1302 PDF objects out of 1440 (max. 8388607)
 513 compressed objects within 6 object streams
 177 named destinations out of 1000 (max. 500000)
 397 words of extra memory for PDF output out of 10000 (max. 10000000)

