\BOOKMARK [1][-]{section.1}{\376\377\137\025\212\000}{}% 1
\BOOKMARK [2][-]{subsection.1.1}{\376\377\122\250\147\072}{section.1}% 2
\BOOKMARK [2][-]{subsection.1.2}{\376\377\000N\000e\000o\000\040\000N\0003\000\040\166\204\143\021\142\030}{section.1}% 3
\BOOKMARK [2][-]{subsection.1.3}{\376\377\143\021\142\030}{section.1}% 4
\BOOKMARK [2][-]{subsection.1.4}{\376\377\211\343\121\263\145\271\150\110\377\032\155\367\124\010\143\210\147\103\123\117\213\256}{section.1}% 5
\BOOKMARK [2][-]{subsection.1.5}{\376\377\116\073\211\201\215\041\163\056}{section.1}% 6
\BOOKMARK [2][-]{subsection.1.6}{\376\377\000.\000m\000a\000t\000r\000i\000x\000\040\127\337\124\015\226\306\142\020}{section.1}% 7
\BOOKMARK [2][-]{subsection.1.7}{\376\377\140\142\131\015\232\214\213\301\126\150\147\266\147\204}{section.1}% 8
\BOOKMARK [2][-]{subsection.1.8}{\376\377\000D\000o\000m\000e\000\040\116\015\155\073\215\303\140\142\131\015\123\117\213\256}{section.1}% 9
\BOOKMARK [1][-]{section.2}{\376\377\215\046\142\067\152\041\127\213\116\016\165\037\124\175\124\150\147\037}{}% 10
\BOOKMARK [2][-]{subsection.2.1}{\376\377\215\046\142\067\122\033\136\372\116\016\176\323\147\204}{section.2}% 11
\BOOKMARK [2][-]{subsection.2.2}{\376\377\170\156\133\232\140\047\127\060\127\100\165\037\142\020}{section.2}% 12
\BOOKMARK [2][-]{subsection.2.3}{\376\377\116\244\146\023\176\323\147\204\116\016\232\214\213\301\121\145\123\343}{section.2}% 13
\BOOKMARK [2][-]{subsection.2.4}{\376\377\155\367\124\010\143\210\147\103\116\244\146\023\176\323\147\204}{section.2}% 14
\BOOKMARK [1][-]{section.3}{\376\377\155\367\124\010\143\210\147\103\123\117\213\256}{}% 15
\BOOKMARK [2][-]{subsection.3.1}{\376\377\123\117\213\256\151\202\217\360}{section.3}% 16
\BOOKMARK [2][-]{subsection.3.2}{\376\377\150\070\137\303\232\214\213\301\145\271\154\325}{section.3}% 17
\BOOKMARK [3][-]{subsubsection.3.2.1}{\376\377\000V\000e\000r\000i\000f\000y\000\040\145\271\154\325\377\032\116\044\226\066\153\265\232\214\213\301\152\041\127\213}{subsection.3.2}% 18
\BOOKMARK [3][-]{subsubsection.3.2.2}{\376\377\000C\000h\000e\000c\000k\000N\000a\000t\000i\000v\000e\000S\000i\000g\000n\000a\000t\000u\000r\000e\000s\377\032\176\257\000\040\000N\000e\000o\000\040\173\176\124\015\232\214\213\301}{subsection.3.2}% 19
\BOOKMARK [2][-]{subsection.3.3}{\376\377\000C\000h\000e\000c\000k\000M\000i\000x\000e\000d\000S\000i\000g\000n\000a\000t\000u\000r\000e\000s\377\032\176\337\116\000\226\010\120\074\173\227\154\325}{section.3}% 20
\BOOKMARK [2][-]{subsection.3.4}{\376\377\000E\000I\000P\000-\0007\0001\0002\000\040\173\176\124\015\232\214\213\301\213\346\140\305}{section.3}% 21
\BOOKMARK [2][-]{subsection.3.5}{\376\377\162\266\140\001\173\241\164\006\116\016\226\217\147\072\145\160\147\072\122\066}{section.3}% 22
\BOOKMARK [2][-]{subsection.3.6}{\376\377\000E\000I\000P\000-\0007\0001\0002\000\040\174\173\127\213\123\026\145\160\143\156\176\323\147\204}{section.3}% 23
\BOOKMARK [2][-]{subsection.3.7}{\376\377\232\214\213\301\173\227\154\325}{section.3}% 24
\BOOKMARK [1][-]{section.4}{\376\377\133\211\121\150\122\006\147\220}{}% 25
\BOOKMARK [2][-]{subsection.4.1}{\376\377\132\001\200\301\152\041\127\213}{section.4}% 26
\BOOKMARK [2][-]{subsection.4.2}{\376\377\137\142\137\017\133\211\121\150\133\232\116\111}{section.4}% 27
\BOOKMARK [1][-]{section.5}{\376\377\166\370\121\163\135\345\117\134}{}% 28
\BOOKMARK [2][-]{subsection.5.1}{\376\377\215\046\142\067\142\275\214\141\174\373\176\337}{section.5}% 29
\BOOKMARK [2][-]{subsection.5.2}{\376\377\226\010\120\074\143\210\147\103\116\016\215\350\165\037\140\001\174\373\176\337\143\210\147\103}{section.5}% 30
\BOOKMARK [2][-]{subsection.5.3}{\376\377\000N\000e\000o\000-\000A\000A\000\040\166\204\133\232\117\115}{section.5}% 31
\BOOKMARK [1][-]{section.6}{\376\377\213\250\213\272}{}% 32
\BOOKMARK [2][-]{subsection.6.1}{\376\377\134\100\226\120\140\047}{section.6}% 33
\BOOKMARK [2][-]{subsection.6.2}{\376\377\213\276\213\241\147\103\210\141}{section.6}% 34
\BOOKMARK [2][-]{subsection.6.3}{\376\377\217\320\204\045\147\266\147\204}{section.6}% 35
\BOOKMARK [2][-]{subsection.6.4}{\376\377\147\052\147\145\145\271\124\021}{section.6}% 36
\BOOKMARK [2][-]{subsection.6.5}{\376\377\220\350\177\162\213\346\140\305}{section.6}% 37
\BOOKMARK [1][-]{section.7}{\376\377\176\323\213\272}{}% 38
